2024-07-19 00:21:48,989 - WARNING - (trapped) error reading bcrypt version
Traceback (most recent call last):
  File "/home/ruslan/.cache/pypoetry/virtualenvs/fotogram-Vy8WhYCt-py3.12/lib/python3.12/site-packages/passlib/handlers/bcrypt.py", line 620, in _load_backend_mixin
    version = _bcrypt.__about__.__version__
              ^^^^^^^^^^^^^^^^^
AttributeError: module 'bcrypt' has no attribute '__about__'
2024-07-19 00:22:13,918 - INFO - Создание поста пользователем 1
2024-07-19 00:22:13,920 - INFO - Пост создан с ID 1
2024-07-19 00:22:13,921 - INFO - Файл сохранен: ../files/6a5cb11e-3a7d-4795-a21f-663abd4f30a3.png
2024-07-19 00:22:13,925 - INFO - Изменения сохранены в базе данных
2024-07-19 00:29:00,317 - INFO - Создание поста пользователем 3
2024-07-19 00:29:00,319 - INFO - Пост создан с ID 2
2024-07-19 00:29:00,319 - INFO - Файл сохранен: ../files/cf838364-f937-48a6-9c18-c6ae29e91875.png
2024-07-19 00:29:00,324 - INFO - Изменения сохранены в базе данных
2024-07-19 00:36:20,022 - INFO - Создание поста пользователем 1
2024-07-19 00:36:20,024 - INFO - Пост создан с ID 3
2024-07-19 00:36:20,024 - INFO - Файл сохранен: ../files/d9d4416a-c3d9-4a74-a862-90eb19028042.png
2024-07-19 00:36:20,025 - INFO - Изменения сохранены в базе данных
2024-07-19 00:39:10,112 - INFO - Создание поста пользователем 1
2024-07-19 00:39:10,114 - INFO - Пост создан с ID 4
2024-07-19 00:39:10,114 - INFO - Файл сохранен: ../files/374137d5-144b-4f7e-9259-59745f6c1c1b.jpeg
2024-07-19 00:39:10,115 - INFO - Изменения сохранены в базе данных
2024-07-19 22:27:07,264 - WARNING - (trapped) error reading bcrypt version
Traceback (most recent call last):
  File "/home/ruslan/.cache/pypoetry/virtualenvs/fotogram-Vy8WhYCt-py3.12/lib/python3.12/site-packages/passlib/handlers/bcrypt.py", line 620, in _load_backend_mixin
    version = _bcrypt.__about__.__version__
              ^^^^^^^^^^^^^^^^^
AttributeError: module 'bcrypt' has no attribute '__about__'
2024-07-19 23:11:35,360 - WARNING - (trapped) error reading bcrypt version
Traceback (most recent call last):
  File "/home/ruslan/.cache/pypoetry/virtualenvs/fotogram-Vy8WhYCt-py3.12/lib/python3.12/site-packages/passlib/handlers/bcrypt.py", line 620, in _load_backend_mixin
    version = _bcrypt.__about__.__version__
              ^^^^^^^^^^^^^^^^^
AttributeError: module 'bcrypt' has no attribute '__about__'
2024-07-19 23:12:46,338 - INFO - Создание поста пользователем 2
2024-07-19 23:12:46,343 - INFO - Пост создан с ID 5
2024-07-19 23:12:46,344 - INFO - Файл сохранен: ../files/74949680-3957-4fbe-9054-7a229c507755.jpg
2024-07-19 23:12:46,347 - INFO - Изменения сохранены в базе данных
2024-07-21 19:55:04,444 - WARNING - (trapped) error reading bcrypt version
Traceback (most recent call last):
  File "/home/ruslan/.cache/pypoetry/virtualenvs/fotogram-Vy8WhYCt-py3.12/lib/python3.12/site-packages/passlib/handlers/bcrypt.py", line 620, in _load_backend_mixin
    version = _bcrypt.__about__.__version__
              ^^^^^^^^^^^^^^^^^
AttributeError: module 'bcrypt' has no attribute '__about__'
2024-07-21 20:54:27,825 - WARNING - (trapped) error reading bcrypt version
Traceback (most recent call last):
  File "/home/ruslan/.cache/pypoetry/virtualenvs/fotogram-Vy8WhYCt-py3.12/lib/python3.12/site-packages/passlib/handlers/bcrypt.py", line 620, in _load_backend_mixin
    version = _bcrypt.__about__.__version__
              ^^^^^^^^^^^^^^^^^
AttributeError: module 'bcrypt' has no attribute '__about__'
2024-07-21 21:04:13,923 - WARNING - (trapped) error reading bcrypt version
Traceback (most recent call last):
  File "/home/ruslan/.cache/pypoetry/virtualenvs/fotogram-Vy8WhYCt-py3.12/lib/python3.12/site-packages/passlib/handlers/bcrypt.py", line 620, in _load_backend_mixin
    version = _bcrypt.__about__.__version__
              ^^^^^^^^^^^^^^^^^
AttributeError: module 'bcrypt' has no attribute '__about__'
2024-07-21 23:08:45,008 - WARNING - (trapped) error reading bcrypt version
Traceback (most recent call last):
  File "/home/ruslan/.cache/pypoetry/virtualenvs/fotogram-Vy8WhYCt-py3.12/lib/python3.12/site-packages/passlib/handlers/bcrypt.py", line 620, in _load_backend_mixin
    version = _bcrypt.__about__.__version__
              ^^^^^^^^^^^^^^^^^
AttributeError: module 'bcrypt' has no attribute '__about__'
2024-07-21 23:19:43,981 - WARNING - (trapped) error reading bcrypt version
Traceback (most recent call last):
  File "/home/ruslan/.cache/pypoetry/virtualenvs/fotogram-Vy8WhYCt-py3.12/lib/python3.12/site-packages/passlib/handlers/bcrypt.py", line 620, in _load_backend_mixin
    version = _bcrypt.__about__.__version__
              ^^^^^^^^^^^^^^^^^
AttributeError: module 'bcrypt' has no attribute '__about__'
2024-07-21 23:45:17,398 - WARNING - (trapped) error reading bcrypt version
Traceback (most recent call last):
  File "/home/ruslan/.cache/pypoetry/virtualenvs/fotogram-Vy8WhYCt-py3.12/lib/python3.12/site-packages/passlib/handlers/bcrypt.py", line 620, in _load_backend_mixin
    version = _bcrypt.__about__.__version__
              ^^^^^^^^^^^^^^^^^
AttributeError: module 'bcrypt' has no attribute '__about__'
2024-07-21 23:48:17,771 - WARNING - (trapped) error reading bcrypt version
Traceback (most recent call last):
  File "/home/ruslan/.cache/pypoetry/virtualenvs/fotogram-Vy8WhYCt-py3.12/lib/python3.12/site-packages/passlib/handlers/bcrypt.py", line 620, in _load_backend_mixin
    version = _bcrypt.__about__.__version__
              ^^^^^^^^^^^^^^^^^
AttributeError: module 'bcrypt' has no attribute '__about__'
2024-07-21 23:49:02,652 - WARNING - (trapped) error reading bcrypt version
Traceback (most recent call last):
  File "/home/ruslan/.cache/pypoetry/virtualenvs/fotogram-Vy8WhYCt-py3.12/lib/python3.12/site-packages/passlib/handlers/bcrypt.py", line 620, in _load_backend_mixin
    version = _bcrypt.__about__.__version__
              ^^^^^^^^^^^^^^^^^
AttributeError: module 'bcrypt' has no attribute '__about__'
2024-07-21 23:49:48,149 - WARNING - (trapped) error reading bcrypt version
Traceback (most recent call last):
  File "/home/ruslan/.cache/pypoetry/virtualenvs/fotogram-Vy8WhYCt-py3.12/lib/python3.12/site-packages/passlib/handlers/bcrypt.py", line 620, in _load_backend_mixin
    version = _bcrypt.__about__.__version__
              ^^^^^^^^^^^^^^^^^
AttributeError: module 'bcrypt' has no attribute '__about__'
2024-07-22 00:09:05,893 - INFO - Создание поста пользователем 4
2024-07-22 00:09:05,898 - INFO - Пост создан с ID 6
2024-07-22 00:09:05,899 - INFO - Файл сохранен: ../files/475dc100-33ab-4e5d-a490-abd5bfad7b4f.jpg
2024-07-22 00:09:05,903 - INFO - Изменения сохранены в базе данных
2024-08-19 20:07:38,548 - WARNING - (trapped) error reading bcrypt version
Traceback (most recent call last):
  File "/home/ruslan/.cache/pypoetry/virtualenvs/fotogram-Vy8WhYCt-py3.12/lib/python3.12/site-packages/passlib/handlers/bcrypt.py", line 620, in _load_backend_mixin
    version = _bcrypt.__about__.__version__
              ^^^^^^^^^^^^^^^^^
AttributeError: module 'bcrypt' has no attribute '__about__'
2024-08-19 20:11:14,065 - INFO - Создание поста пользователем 1
2024-08-19 20:11:14,071 - INFO - Пост создан с ID 1
2024-08-19 20:11:14,072 - INFO - Файл сохранен: ../files/9e35c3ca-11a6-4b30-8330-6622a5070823.jpg
2024-08-19 20:11:14,076 - INFO - Изменения сохранены в базе данных
2024-08-19 20:13:06,193 - INFO - Создание поста пользователем 2
2024-08-19 20:13:06,196 - INFO - Пост создан с ID 2
2024-08-19 20:13:06,197 - INFO - Файл сохранен: ../files/be379038-220f-4fec-93d5-2752fff59265.jpeg
2024-08-19 20:13:06,200 - INFO - Изменения сохранены в базе данных
2024-08-21 19:36:02,437 - INFO - Создание поста пользователем 2
2024-08-21 19:36:02,438 - INFO - Пост создан с ID 3
2024-08-21 19:36:02,438 - INFO - Файл сохранен: ../files/4b29a36f-b958-4121-a244-9ea831292ffe.jpeg
2024-08-21 19:36:02,439 - INFO - Изменения сохранены в базе данных
2024-08-21 19:36:30,500 - INFO - Создание поста пользователем 2
2024-08-21 19:36:30,503 - INFO - Пост создан с ID 4
2024-08-21 19:36:30,504 - INFO - Файл сохранен: ../files/5d33d68a-8a63-4afe-a6ef-81367f684f9c.png
2024-08-21 19:36:30,508 - INFO - Изменения сохранены в базе данных
2024-08-21 19:37:13,818 - INFO - Создание поста пользователем 2
2024-08-21 19:37:13,819 - INFO - Пост создан с ID 5
2024-08-21 19:37:13,819 - INFO - Файл сохранен: ../files/f98c82e3-ae87-44ef-a491-aad21efc6dc9.png
2024-08-21 19:37:13,820 - INFO - Изменения сохранены в базе данных
2024-08-21 19:38:34,999 - INFO - Создание поста пользователем 2
2024-08-21 19:38:35,000 - INFO - Пост создан с ID 6
2024-08-21 19:38:35,001 - INFO - Файл сохранен: ../files/9a843d7d-56bc-431b-9b61-dbf057014e1c.png
2024-08-21 19:38:35,002 - INFO - Изменения сохранены в базе данных
2024-08-21 19:41:11,729 - INFO - Создание поста пользователем 2
2024-08-21 19:41:11,730 - INFO - Пост создан с ID 7
2024-08-21 19:41:11,731 - INFO - Файл сохранен: ../files/721ddd1a-485d-440b-9cab-e20a6d6db5eb.jpg
2024-08-21 19:41:11,732 - INFO - Изменения сохранены в базе данных
2024-08-21 20:48:00,843 - INFO - Создание поста пользователем 3
2024-08-21 20:48:00,844 - INFO - Пост создан с ID 8
2024-08-21 20:48:00,844 - INFO - Файл сохранен: ../files/3874c866-bc71-41a7-843d-6d4273907ca1.jpg
2024-08-21 20:48:00,845 - INFO - Изменения сохранены в базе данных
2024-08-21 21:39:03,460 - WARNING - (trapped) error reading bcrypt version
Traceback (most recent call last):
  File "/home/ruslan/.cache/pypoetry/virtualenvs/fotogram-Vy8WhYCt-py3.12/lib/python3.12/site-packages/passlib/handlers/bcrypt.py", line 620, in _load_backend_mixin
    version = _bcrypt.__about__.__version__
              ^^^^^^^^^^^^^^^^^
AttributeError: module 'bcrypt' has no attribute '__about__'
